<?xml version="1.0" encoding="UTF-8"?>
<!-- Generated by org.testng.reporters.JUnitReportReporter -->
<testsuite hostname="PC335498" name="com.pearson.tests.Regression_exchangeV3" tests="1" failures="0" timestamp="20 Feb 2017 12:32:24 GMT" time="10.435" errors="0">
  <testcase name="multiSpecific_Post_product_Offer_Status" time="10.435" classname="com.pearson.tests.Regression_exchangeV3"/>
</testsuite> <!-- com.pearson.tests.Regression_exchangeV3 -->
