<?xml version="1.0" encoding="UTF-8"?>
<!-- Generated by org.testng.reporters.JUnitReportReporter -->
<testsuite hostname="PC335498" name="com.pearson.tests.TC003_V2SearchTests" tests="1" failures="0" timestamp="11 Aug 2016 12:13:43 GMT" time="216.043" errors="0">
  <testcase name="Specific_Field_Search_with_SingleLevelFacet_07" time="216.043" classname="com.pearson.tests.TC003_V2SearchTests"/>
</testsuite> <!-- com.pearson.tests.TC003_V2SearchTests -->
