<?xml version="1.0" encoding="UTF-8"?>
<!-- Generated by org.testng.reporters.JUnitReportReporter -->
<testsuite hostname="PC338382" name="com.pearson.tests.TCOO3_V2SearchTests" tests="1" failures="0" timestamp="25 Jun 2016 11:38:28 GMT" time="10.673" errors="0">
  <testcase name="get_V2SearchWithValidvalues" time="10.673" classname="com.pearson.tests.TCOO3_V2SearchTests"/>
</testsuite> <!-- com.pearson.tests.TCOO3_V2SearchTests -->
