<?xml version="1.0" encoding="UTF-8"?>
<!-- Generated by org.testng.reporters.JUnitReportReporter -->
<testsuite hostname="PC338382" name="com.pearson.tests.TC004_IndexControllerTests" tests="23" failures="0" timestamp="21 Jul 2016 07:28:08 GMT" time="48.091" errors="0">
  <testcase name="post_IngestIsIndexed_2_1_Sample1" time="1.254" classname="com.pearson.tests.TC004_IndexControllerTests"/>
  <testcase name="post_IngestionController_2_0_sample2" time="3.235" classname="com.pearson.tests.TC004_IndexControllerTests"/>
  <testcase name="post_IngestionController_2_0_sample1" time="3.265" classname="com.pearson.tests.TC004_IndexControllerTests"/>
  <testcase name="post_metadataUpdate_sample1" time="1.284" classname="com.pearson.tests.TC004_IndexControllerTests"/>
  <testcase name="post_IngestIsIndexed_2_1_Sample2" time="3.236" classname="com.pearson.tests.TC004_IndexControllerTests"/>
  <testcase name="get_IngestReset" time="1.264" classname="com.pearson.tests.TC004_IndexControllerTests"/>
  <testcase name="post_IngestAnnotation_2_1_sample2" time="3.286" classname="com.pearson.tests.TC004_IndexControllerTests"/>
  <testcase name="post_metadataUpdate_sample2" time="1.226" classname="com.pearson.tests.TC004_IndexControllerTests"/>
  <testcase name="get_IngestIsIndexed_Sample2" time="1.599" classname="com.pearson.tests.TC004_IndexControllerTests"/>
  <testcase name="post_Ingest_2_1_sample1" time="4.185" classname="com.pearson.tests.TC004_IndexControllerTests"/>
  <testcase name="post_IngestAnnotation_sample1" time="1.245" classname="com.pearson.tests.TC004_IndexControllerTests"/>
  <testcase name="get_IngestqueueSize" time="1.267" classname="com.pearson.tests.TC004_IndexControllerTests"/>
  <testcase name="post_IngestIsIndexed_2_0_Sample1" time="1.254" classname="com.pearson.tests.TC004_IndexControllerTests"/>
  <testcase name="post_IngestionController_sample2" time="3.237" classname="com.pearson.tests.TC004_IndexControllerTests"/>
  <testcase name="post_IngestIsIndexed_Sample2" time="1.256" classname="com.pearson.tests.TC004_IndexControllerTests"/>
  <testcase name="post_IngestAnnotation_2_1_sample1" time="3.283" classname="com.pearson.tests.TC004_IndexControllerTests"/>
  <testcase name="post_IngestAnnotation_sample2" time="1.255" classname="com.pearson.tests.TC004_IndexControllerTests"/>
  <testcase name="post_Ingest_2_1_sample2" time="3.245" classname="com.pearson.tests.TC004_IndexControllerTests"/>
  <testcase name="post_metadataUpdate_2_1_sample1" time="1.264" classname="com.pearson.tests.TC004_IndexControllerTests"/>
  <testcase name="post_IngestIsIndexed_Sample1" time="1.244" classname="com.pearson.tests.TC004_IndexControllerTests"/>
  <testcase name="post_IngestionController_sample1" time="3.245" classname="com.pearson.tests.TC004_IndexControllerTests"/>
  <testcase name="post_IngestIsIndexed_2_0_Sample2" time="1.236" classname="com.pearson.tests.TC004_IndexControllerTests"/>
  <testcase name="post_metadataUpdate_2_1_sample2" time="1.226" classname="com.pearson.tests.TC004_IndexControllerTests"/>
</testsuite> <!-- com.pearson.tests.TC004_IndexControllerTests -->
