<?xml version="1.0" encoding="UTF-8"?>
<!-- Generated by org.testng.reporters.JUnitReportReporter -->
<testsuite hostname="PC335110" name="com.pearson.tests.TC003_V2SearchMultiFacetTest" tests="43" failures="1" timestamp="13 Jan 2017 10:20:27 GMT" time="159.610" errors="0">
  <testcase name="logicalOperator_V2SearchMF_POST" time="5.749" classname="com.pearson.tests.TC003_V2SearchMultiFacetTest"/>
  <testcase name="multiSpecificFields_Wildcard_V2SearchMF_POST" time="5.584" classname="com.pearson.tests.TC003_V2SearchMultiFacetTest"/>
  <testcase name="multiSpecificFields_Wildcard_V2SearchMF_POST" time="3.177" classname="com.pearson.tests.TC003_V2SearchMultiFacetTest"/>
  <testcase name="logicalOperator_V2SearchMF_GET" time="3.637" classname="com.pearson.tests.TC003_V2SearchMultiFacetTest"/>
  <testcase name="multiSpecificFieldsLogic_ExactPharse_V2SearchMF_GET" time="3.167" classname="com.pearson.tests.TC003_V2SearchMultiFacetTest"/>
  <testcase name="singleSpecificFieldsLogic_V2SearchMF_GET" time="3.243" classname="com.pearson.tests.TC003_V2SearchMultiFacetTest"/>
  <testcase name="multiSpecificFields_Wildcard_V2SearchMF_GET" time="3.184" classname="com.pearson.tests.TC003_V2SearchMultiFacetTest"/>
  <testcase name="multiSpecificFieldsLogic_V2SearchMF_GET" time="3.233" classname="com.pearson.tests.TC003_V2SearchMultiFacetTest"/>
  <testcase name="singleSpecificFieldsLogic_V2SearchMF_GET" time="3.379" classname="com.pearson.tests.TC003_V2SearchMultiFacetTest"/>
  <testcase name="multiSpecificFields_Wildcard_V2SearchMF_GET" time="3.672" classname="com.pearson.tests.TC003_V2SearchMultiFacetTest"/>
  <testcase name="logicalOperator_V2SearchMF_POST" time="3.512" classname="com.pearson.tests.TC003_V2SearchMultiFacetTest"/>
  <testcase name="logicalOperator_V2SearchMF_GET" time="4.837" classname="com.pearson.tests.TC003_V2SearchMultiFacetTest"/>
  <testcase name="singleSpecificFieldsLogic_V2SearchMF_POST" time="3.218" classname="com.pearson.tests.TC003_V2SearchMultiFacetTest"/>
  <testcase name="multiSpecificFieldsWildCard_ExactPharse_V2SearchMF_POST" time="0.000" classname="com.pearson.tests.TC003_V2SearchMultiFacetTest">
    <failure type="java.lang.RuntimeException" message="java.lang.NullPointerException">
      <![CDATA[java.lang.RuntimeException: java.lang.NullPointerException
	at org.testng.internal.MethodInvocationHelper.invokeDataProvider(MethodInvocationHelper.java:161)
	at org.testng.internal.Parameters.handleParameters(Parameters.java:429)
	at org.testng.internal.Invoker.handleParameters(Invoker.java:1383)
	at org.testng.internal.Invoker.createParameters(Invoker.java:1075)
	at org.testng.internal.Invoker.invokeTestMethods(Invoker.java:1180)
	at org.testng.internal.TestMethodWorker.invokeTestMethods(TestMethodWorker.java:127)
	at org.testng.internal.TestMethodWorker.run(TestMethodWorker.java:111)
	at org.testng.TestRunner.privateRun(TestRunner.java:767)
	at org.testng.TestRunner.run(TestRunner.java:617)
	at org.testng.SuiteRunner.runTest(SuiteRunner.java:348)
	at org.testng.SuiteRunner.runSequentially(SuiteRunner.java:343)
	at org.testng.SuiteRunner.privateRun(SuiteRunner.java:305)
	at org.testng.SuiteRunner.run(SuiteRunner.java:254)
	at org.testng.SuiteRunnerWorker.runSuite(SuiteRunnerWorker.java:52)
	at org.testng.SuiteRunnerWorker.run(SuiteRunnerWorker.java:86)
	at org.testng.TestNG.runSuitesSequentially(TestNG.java:1224)
	at org.testng.TestNG.runSuitesLocally(TestNG.java:1149)
	at org.testng.TestNG.run(TestNG.java:1057)
	at org.testng.remote.AbstractRemoteTestNG.run(AbstractRemoteTestNG.java:126)
	at org.testng.remote.RemoteTestNG.initAndRun(RemoteTestNG.java:152)
	at org.testng.remote.RemoteTestNG.main(RemoteTestNG.java:57)
Caused by: java.lang.NullPointerException
	at com.pearson.tests.BaseTest.dp(BaseTest.java:126)
	at sun.reflect.NativeMethodAccessorImpl.invoke0(Native Method)
	at sun.reflect.NativeMethodAccessorImpl.invoke(Unknown Source)
	at sun.reflect.DelegatingMethodAccessorImpl.invoke(Unknown Source)
	at java.lang.reflect.Method.invoke(Unknown Source)
	at org.testng.internal.MethodInvocationHelper.invokeMethod(MethodInvocationHelper.java:84)
	at org.testng.internal.MethodInvocationHelper.invokeDataProvider(MethodInvocationHelper.java:135)
	... 20 more
]]>
    </failure>
  </testcase> <!-- multiSpecificFieldsWildCard_ExactPharse_V2SearchMF_POST -->
  <testcase name="singleSpecificFieldsLogic_V2SearchMF_POST" time="3.159" classname="com.pearson.tests.TC003_V2SearchMultiFacetTest"/>
  <testcase name="singleSpecificFieldsLogic_ExactPharse_V2SearchMF_POST" time="3.162" classname="com.pearson.tests.TC003_V2SearchMultiFacetTest"/>
  <testcase name="singleSpecificFieldsLogic_V2SearchMF_GET" time="4.726" classname="com.pearson.tests.TC003_V2SearchMultiFacetTest"/>
  <testcase name="logicalOperator_V2SearchMF_GET" time="3.692" classname="com.pearson.tests.TC003_V2SearchMultiFacetTest"/>
  <testcase name="multiSpecificFields_Wildcard_V2SearchMF_POST" time="3.378" classname="com.pearson.tests.TC003_V2SearchMultiFacetTest"/>
  <testcase name="singleSpecificFieldsLogic_V2SearchMF_GET" time="3.144" classname="com.pearson.tests.TC003_V2SearchMultiFacetTest"/>
  <testcase name="logicalOperator_V2SearchMF_GET" time="3.596" classname="com.pearson.tests.TC003_V2SearchMultiFacetTest"/>
  <testcase name="logicalOperator_V2SearchMF_GET" time="3.293" classname="com.pearson.tests.TC003_V2SearchMultiFacetTest"/>
  <testcase name="logicalOperator_V2SearchMF_POST" time="3.367" classname="com.pearson.tests.TC003_V2SearchMultiFacetTest"/>
  <testcase name="singleSpecificFieldsLogic_V2SearchMF_GET" time="3.182" classname="com.pearson.tests.TC003_V2SearchMultiFacetTest"/>
  <testcase name="logicalOperator_V2SearchMF_POST" time="3.237" classname="com.pearson.tests.TC003_V2SearchMultiFacetTest"/>
  <testcase name="logicalOperator_V2SearchMF_POST" time="3.499" classname="com.pearson.tests.TC003_V2SearchMultiFacetTest"/>
  <testcase name="singleSpecificFieldsLogic_V2SearchMF_POST" time="3.547" classname="com.pearson.tests.TC003_V2SearchMultiFacetTest"/>
  <testcase name="singleSpecificFieldsLogic_ExactPharse_V2SearchMF_POST" time="3.552" classname="com.pearson.tests.TC003_V2SearchMultiFacetTest"/>
  <testcase name="logicalOperator_V2SearchMF_GET" time="5.056" classname="com.pearson.tests.TC003_V2SearchMultiFacetTest"/>
  <testcase name="singleSpecificFieldsLogic_ExactPharse_V2SearchMF_GET" time="3.423" classname="com.pearson.tests.TC003_V2SearchMultiFacetTest"/>
  <testcase name="singleSpecificFieldsLogic_V2SearchMF_GET" time="3.290" classname="com.pearson.tests.TC003_V2SearchMultiFacetTest"/>
  <testcase name="singleSpecificFieldsLogic_ExactPharse_V2SearchMF_GET" time="3.163" classname="com.pearson.tests.TC003_V2SearchMultiFacetTest"/>
  <testcase name="singleSpecificFieldsLogic_V2SearchMF_GET" time="3.176" classname="com.pearson.tests.TC003_V2SearchMultiFacetTest"/>
  <testcase name="singleSpecificFieldsLogic_V2SearchMF_GET" time="4.732" classname="com.pearson.tests.TC003_V2SearchMultiFacetTest"/>
  <testcase name="multiSpecificFieldsLogic_ExactPharse_V2SearchMF_GET" time="3.186" classname="com.pearson.tests.TC003_V2SearchMultiFacetTest"/>
  <testcase name="logicalOperator_V2SearchMF_GET" time="3.242" classname="com.pearson.tests.TC003_V2SearchMultiFacetTest"/>
  <testcase name="logicalOperator_V2SearchMF_GET" time="3.303" classname="com.pearson.tests.TC003_V2SearchMultiFacetTest"/>
  <testcase name="multiSpecificFieldsLogic_V2SearchMF_POST" time="3.195" classname="com.pearson.tests.TC003_V2SearchMultiFacetTest"/>
  <testcase name="logicalOperator_V2SearchMF_GET" time="5.231" classname="com.pearson.tests.TC003_V2SearchMultiFacetTest"/>
  <testcase name="singleSpecificFieldsLogic_V2SearchMF_POST" time="3.235" classname="com.pearson.tests.TC003_V2SearchMultiFacetTest"/>
  <testcase name="logicalOperator_V2SearchMF_GET" time="9.420" classname="com.pearson.tests.TC003_V2SearchMultiFacetTest"/>
  <testcase name="logicalOperator_V2SearchMF_GET" time="4.624" classname="com.pearson.tests.TC003_V2SearchMultiFacetTest"/>
  <testcase name="logicalOperator_V2SearchMF_POST" time="3.208" classname="com.pearson.tests.TC003_V2SearchMultiFacetTest"/>
</testsuite> <!-- com.pearson.tests.TC003_V2SearchMultiFacetTest -->
