<?xml version="1.0" encoding="UTF-8"?>
<!-- Generated by org.testng.reporters.JUnitReportReporter -->
<testsuite hostname="PC335498" name="com.pearson.tests.Regression_collection" tests="1" failures="0" timestamp="8 Feb 2017 13:05:50 GMT" time="0.034" errors="1">
  <testcase name="post_single_multi_Facet" time="0.034" classname="com.pearson.tests.Regression_collection">
    <error type="java.lang.AssertionError" message="java.lang.String cannot be cast to net.minidev.json.JSONObject">
      <![CDATA[java.lang.AssertionError: java.lang.String cannot be cast to net.minidev.json.JSONObject
	at org.testng.Assert.fail(Assert.java:83)
	at com.pearson.tests.Regression_collection.post_single_multi_Facet(Regression_collection.java:108)
	at sun.reflect.NativeMethodAccessorImpl.invoke0(Native Method)
	at sun.reflect.NativeMethodAccessorImpl.invoke(NativeMethodAccessorImpl.java:62)
	at sun.reflect.DelegatingMethodAccessorImpl.invoke(DelegatingMethodAccessorImpl.java:43)
	at java.lang.reflect.Method.invoke(Method.java:498)
	at org.testng.internal.MethodInvocationHelper.invokeMethod(MethodInvocationHelper.java:84)
	at org.testng.internal.Invoker.invokeMethod(Invoker.java:714)
	at org.testng.internal.Invoker.invokeTestMethod(Invoker.java:901)
	at org.testng.internal.Invoker.invokeTestMethods(Invoker.java:1231)
	at org.testng.internal.TestMethodWorker.invokeTestMethods(TestMethodWorker.java:127)
	at org.testng.internal.TestMethodWorker.run(TestMethodWorker.java:111)
	at org.testng.TestRunner.privateRun(TestRunner.java:767)
	at org.testng.TestRunner.run(TestRunner.java:617)
	at org.testng.SuiteRunner.runTest(SuiteRunner.java:348)
	at org.testng.SuiteRunner.runSequentially(SuiteRunner.java:343)
	at org.testng.SuiteRunner.privateRun(SuiteRunner.java:305)
	at org.testng.SuiteRunner.run(SuiteRunner.java:254)
	at org.testng.SuiteRunnerWorker.runSuite(SuiteRunnerWorker.java:52)
	at org.testng.SuiteRunnerWorker.run(SuiteRunnerWorker.java:86)
	at org.testng.TestNG.runSuitesSequentially(TestNG.java:1224)
	at org.testng.TestNG.runSuitesLocally(TestNG.java:1149)
	at org.testng.TestNG.run(TestNG.java:1057)
	at org.testng.remote.AbstractRemoteTestNG.run(AbstractRemoteTestNG.java:132)
	at org.testng.remote.RemoteTestNG.initAndRun(RemoteTestNG.java:236)
	at org.testng.remote.RemoteTestNG.main(RemoteTestNG.java:81)
Caused by: java.lang.ClassCastException: java.lang.String cannot be cast to net.minidev.json.JSONObject
	at com.pearson.regression.utilityHelpers.Template.convertStringtoJsonObject(Template.java:49)
	at com.pearson.tests.Regression_collection.post_single_multi_Facet(Regression_collection.java:87)
	... 24 more
]]>
    </error>
  </testcase> <!-- post_single_multi_Facet -->
</testsuite> <!-- com.pearson.tests.Regression_collection -->
