<?xml version="1.0" encoding="UTF-8"?>
<!-- Generated by org.testng.reporters.JUnitReportReporter -->
<testsuite hostname="PC338382" name="com.pearson.tests.TC001_GlossarySearchTests" tests="4" failures="0" timestamp="20 Jun 2016 10:01:17 GMT" time="7.885" errors="0">
  <testcase name="getGlossary2_1" time="1.313" classname="com.pearson.tests.TC001_GlossarySearchTests"/>
  <testcase name="getGlossarywithIndexid" time="1.415" classname="com.pearson.tests.TC001_GlossarySearchTests"/>
  <testcase name="getGlossarywithIndexidandKey" time="1.265" classname="com.pearson.tests.TC001_GlossarySearchTests"/>
  <testcase name="getGlossary" time="3.892" classname="com.pearson.tests.TC001_GlossarySearchTests"/>
</testsuite> <!-- com.pearson.tests.TC001_GlossarySearchTests -->
