<?xml version="1.0" encoding="UTF-8"?>
<!-- Generated by org.testng.reporters.JUnitReportReporter -->
<testsuite hostname="PC338382" name="com.pearson.revel.test.TC001_GlossarySearchTests" tests="4" failures="0" timestamp="17 Jun 2016 13:15:05 GMT" time="7.886" errors="0">
  <testcase name="getGlossarywithIndexid" time="1.443" classname="com.pearson.revel.test.TC001_GlossarySearchTests"/>
  <testcase name="getGlossarywithIndexidandKey" time="1.337" classname="com.pearson.revel.test.TC001_GlossarySearchTests"/>
  <testcase name="getGlossary" time="3.709" classname="com.pearson.revel.test.TC001_GlossarySearchTests"/>
  <testcase name="getGlossary2_1" time="1.397" classname="com.pearson.revel.test.TC001_GlossarySearchTests"/>
</testsuite> <!-- com.pearson.revel.test.TC001_GlossarySearchTests -->
