<?xml version="1.0" encoding="UTF-8"?>
<!-- Generated by org.testng.reporters.JUnitReportReporter -->
<testsuite hostname="PC338382" name="com.pearson.tests.TC008_IndexerControllerTests" tests="2" failures="0" timestamp="22 Jul 2016 07:53:20 GMT" time="6.516" errors="0">
  <testcase name="post_IndexMetadataAndContent_Sample2" time="3.281" classname="com.pearson.tests.TC008_IndexerControllerTests"/>
  <testcase name="post_IndexMetadataAndContent_Sample1" time="3.235" classname="com.pearson.tests.TC008_IndexerControllerTests"/>
</testsuite> <!-- com.pearson.tests.TC008_IndexerControllerTests -->
