<?xml version="1.0" encoding="UTF-8"?>
<!-- Generated by org.testng.reporters.JUnitReportReporter -->
<testsuite hostname="PC338382" name="com.pearson.tests.TC004_SearchController" tests="17" failures="0" timestamp="21 Jul 2016 07:28:08 GMT" time="22.269" errors="0">
  <testcase name="get_searchcontroller_CSG" time="1.274" classname="com.pearson.tests.TC004_SearchController"/>
  <testcase name="getmetafilter_searchcontroller" time="1.274" classname="com.pearson.tests.TC004_SearchController"/>
  <testcase name="getmetafilter_searchcontroller_CSG" time="1.283" classname="com.pearson.tests.TC004_SearchController"/>
  <testcase name="getmetafilter2_0_searchcontroller" time="1.315" classname="com.pearson.tests.TC004_SearchController"/>
  <testcase name="getmeta_searchcontroller" time="1.306" classname="com.pearson.tests.TC004_SearchController"/>
  <testcase name="getmeta2_0_searchcontroller" time="1.279" classname="com.pearson.tests.TC004_SearchController"/>
  <testcase name="get2_1_searchcontroller" time="1.355" classname="com.pearson.tests.TC004_SearchController"/>
  <testcase name="getmeta2_1_searchcontroller_CSG" time="1.320" classname="com.pearson.tests.TC004_SearchController"/>
  <testcase name="getmeta2_1_searchcontroller" time="1.310" classname="com.pearson.tests.TC004_SearchController"/>
  <testcase name="get2_0_searchcontroller_CSG" time="1.316" classname="com.pearson.tests.TC004_SearchController"/>
  <testcase name="getmeta_searchcontroller_CSG" time="1.307" classname="com.pearson.tests.TC004_SearchController"/>
  <testcase name="getmeta2_0_searchcontroller_CSG" time="1.336" classname="com.pearson.tests.TC004_SearchController"/>
  <testcase name="getmetafilter2_0_searchcontroller_CSG" time="1.296" classname="com.pearson.tests.TC004_SearchController"/>
  <testcase name="getmetafilter2_1_searchcontroller_CSG" time="1.294" classname="com.pearson.tests.TC004_SearchController"/>
  <testcase name="get_searchcontroller" time="1.305" classname="com.pearson.tests.TC004_SearchController"/>
  <testcase name="get2_0_searchcontroller" time="1.370" classname="com.pearson.tests.TC004_SearchController"/>
  <testcase name="get2_1_searchcontroller_CSG" time="1.329" classname="com.pearson.tests.TC004_SearchController"/>
</testsuite> <!-- com.pearson.tests.TC004_SearchController -->
