<?xml version="1.0" encoding="UTF-8"?>
<!-- Generated by org.testng.reporters.JUnitReportReporter -->
<testsuite hostname="PC335498" name="com.pearson.tests.V2SearchPriority2" tests="56" failures="0" timestamp="27 Dec 2016 08:11:26 GMT" time="201.088" errors="0">
  <testcase name="Default_Sorting_Order_MultiLevelFacet_10_post" time="5.136" classname="com.pearson.tests.V2SearchPriority2"/>
  <testcase name="Sorting_appSpecificStandardMetadata_11" time="3.196" classname="com.pearson.tests.V2SearchPriority2"/>
  <testcase name="Specific_Field_Searches_1" time="3.199" classname="com.pearson.tests.V2SearchPriority2"/>
  <testcase name="set_size_of_resources_product_within_eachGroup_MultiLevelFacet_08" time="5.403" classname="com.pearson.tests.V2SearchPriority2"/>
  <testcase name="MultiFieldSorting_with_Wildcard_09" time="3.216" classname="com.pearson.tests.V2SearchPriority2"/>
  <testcase name="Without_QueryParam_10" time="2.987" classname="com.pearson.tests.V2SearchPriority2"/>
  <testcase name="default_groupSize_MultiLevelFacet_07_post" time="5.471" classname="com.pearson.tests.V2SearchPriority2"/>
  <testcase name="Sorting_count_DESC_MultiLevelFacet_17_post" time="5.974" classname="com.pearson.tests.V2SearchPriority2"/>
  <testcase name="Validate_multilevel_facetwith_offersfield_02" time="2.862" classname="com.pearson.tests.V2SearchPriority2"/>
  <testcase name="Validate_priceCurrency_application_specific_field" time="3.048" classname="com.pearson.tests.V2SearchPriority2"/>
  <testcase name="Validate_source_application_specific_field" time="3.172" classname="com.pearson.tests.V2SearchPriority2"/>
  <testcase name="Sorting_count_DESC_SingleLevelFacet_09" time="3.349" classname="com.pearson.tests.V2SearchPriority2"/>
  <testcase name="Sorting_term_ASC_MultiLevelFacet_15_post" time="3.591" classname="com.pearson.tests.V2SearchPriority2"/>
  <testcase name="Valid_value_In_Header_012" time="3.644" classname="com.pearson.tests.V2SearchPriority2"/>
  <testcase name="MultiFieldSorting_with_appSpecificAttr_02" time="2.930" classname="com.pearson.tests.V2SearchPriority2"/>
  <testcase name="default_groupSize_MultiLevelFacet_07" time="3.626" classname="com.pearson.tests.V2SearchPriority2"/>
  <testcase name="SingleFieldSorting_with_LogicalOperators_06" time="3.187" classname="com.pearson.tests.V2SearchPriority2"/>
  <testcase name="Validate__providerSystemname_application_specific_field" time="3.203" classname="com.pearson.tests.V2SearchPriority2"/>
  <testcase name="set_size_of_resources_or_product_within_eachGroup_SingleLevelFacet_03" time="4.008" classname="com.pearson.tests.V2SearchPriority2"/>
  <testcase name="Default_Sorting_Order_MultiLevelFacet_10" time="2.900" classname="com.pearson.tests.V2SearchPriority2"/>
  <testcase name="set_size_of_resources_product_within_eachGroup_MultiLevelFacet_08_post" time="4.652" classname="com.pearson.tests.V2SearchPriority2"/>
  <testcase name="Sorting_count_DESC_MultiLevelFacet_18_post" time="5.044" classname="com.pearson.tests.V2SearchPriority2"/>
  <testcase name="Sorting_term_DESC_SingleLevelFacet_07_post" time="4.199" classname="com.pearson.tests.V2SearchPriority2"/>
  <testcase name="MultiFieldSorting_with_LogicalOperators_07" time="3.174" classname="com.pearson.tests.V2SearchPriority2"/>
  <testcase name="Sorting_term_DESC_SingleLevelFacet_07" time="3.007" classname="com.pearson.tests.V2SearchPriority2"/>
  <testcase name="SingleFieldSorting_with_appSpecificAttr_01" time="2.915" classname="com.pearson.tests.V2SearchPriority2"/>
  <testcase name="set_size_of_resources_or_product_within_eachGroup_SingleLevelFacet_03_post" time="4.004" classname="com.pearson.tests.V2SearchPriority2"/>
  <testcase name="Sorting_term_DESC_MultiLevelFacet_16" time="3.212" classname="com.pearson.tests.V2SearchPriority2"/>
  <testcase name="Sorting_term_DESC_MultiLevelFacet_16_post" time="3.964" classname="com.pearson.tests.V2SearchPriority2"/>
  <testcase name="Sorting_count_DESC_MultiLevelFacet_17" time="4.005" classname="com.pearson.tests.V2SearchPriority2"/>
  <testcase name="Sorting_term_ASC_SingleLevelFacet_06" time="3.000" classname="com.pearson.tests.V2SearchPriority2"/>
  <testcase name="groupSize_as_zero_MultiLevelFacet_06_post" time="2.910" classname="com.pearson.tests.V2SearchPriority2"/>
  <testcase name="Without_Payload_10" time="2.881" classname="com.pearson.tests.V2SearchPriority2"/>
  <testcase name="Validate_multilevel_facetwith_offersfield" time="2.885" classname="com.pearson.tests.V2SearchPriority2"/>
  <testcase name="Sorting_term_ASC_MultiLevelFacet_15" time="4.288" classname="com.pearson.tests.V2SearchPriority2"/>
  <testcase name="SingleFieldSorting_with_LogicalOperators_03" time="3.137" classname="com.pearson.tests.V2SearchPriority2"/>
  <testcase name="SingleFieldSorting_with_Wildcard_05" time="3.276" classname="com.pearson.tests.V2SearchPriority2"/>
  <testcase name="Validate_MultiLevel_Facet_with_App" time="3.335" classname="com.pearson.tests.V2SearchPriority2"/>
  <testcase name="Sorting_count_DESC_MultiLevelFacet_18" time="3.588" classname="com.pearson.tests.V2SearchPriority2"/>
  <testcase name="MultiFieldSorting_with_SpecialCharacters_08" time="3.222" classname="com.pearson.tests.V2SearchPriority2"/>
  <testcase name="default_groupSize_SingleLevelFacet_02" time="3.659" classname="com.pearson.tests.V2SearchPriority2"/>
  <testcase name="Sorting_appSpecific_StandardMetadata_11" time="2.908" classname="com.pearson.tests.V2SearchPriority2"/>
  <testcase name="Validate_MultiLevel_Facet_with_source" time="3.540" classname="com.pearson.tests.V2SearchPriority2"/>
  <testcase name="Validate_price_application_specific_field" time="3.044" classname="com.pearson.tests.V2SearchPriority2"/>
  <testcase name="default_groupSize_SingleLevelFacet_02_post" time="5.939" classname="com.pearson.tests.V2SearchPriority2"/>
  <testcase name="Default_Sorting_Order_SingleLevelFacet_01" time="4.027" classname="com.pearson.tests.V2SearchPriority2"/>
  <testcase name="Validate_permissions_application_specific_field" time="3.195" classname="com.pearson.tests.V2SearchPriority2"/>
  <testcase name="Sorting_count_ASC_MultiLevelFacet_17" time="3.419" classname="com.pearson.tests.V2SearchPriority2"/>
  <testcase name="Exact_Phrase_Specific_Field_Search_53" time="3.571" classname="com.pearson.tests.V2SearchPriority2"/>
  <testcase name="Sorting_count_ASC_SingleLevelFacet_08" time="3.041" classname="com.pearson.tests.V2SearchPriority2"/>
  <testcase name="groupSize_as_zero_MultiLevelFacet_06" time="2.897" classname="com.pearson.tests.V2SearchPriority2"/>
  <testcase name="Sorting_term_ASC_SingleLevelFacet_06_post" time="3.259" classname="com.pearson.tests.V2SearchPriority2"/>
  <testcase name="Default_Sorting_Order_SingleLevelFacet_01_post" time="4.241" classname="com.pearson.tests.V2SearchPriority2"/>
  <testcase name="MultiFieldSorting_with_LogicalOperators_10" time="2.904" classname="com.pearson.tests.V2SearchPriority2"/>
  <testcase name="Validate_availability_application_specific_field" time="3.205" classname="com.pearson.tests.V2SearchPriority2"/>
  <testcase name="SingleFieldSorting_with_SpecialCharacters_04" time="3.439" classname="com.pearson.tests.V2SearchPriority2"/>
</testsuite> <!-- com.pearson.tests.V2SearchPriority2 -->
