<?xml version="1.0" encoding="UTF-8"?>
<!-- Generated by org.testng.reporters.JUnitReportReporter -->
<testsuite hostname="PC335498" name="com.pearson.tests.SecondDay" tests="1" failures="0" timestamp="10 Nov 2016 06:40:02 GMT" time="2.654" errors="0">
  <testcase name="tt" time="2.654" classname="com.pearson.tests.SecondDay"/>
</testsuite> <!-- com.pearson.tests.SecondDay -->
