<?xml version="1.0" encoding="UTF-8"?>
<!-- Generated by org.testng.reporters.JUnitReportReporter -->
<testsuite hostname="PC335498" name="com.pearson.tests.Regression_eText" tests="1" failures="0" timestamp="13 Feb 2017 09:47:10 GMT" time="3.031" errors="0">
  <testcase name="CM_SearchContent_with_valid_IndexId_GET" time="3.031" classname="com.pearson.tests.Regression_eText"/>
</testsuite> <!-- com.pearson.tests.Regression_eText -->
