<?xml version="1.0" encoding="UTF-8"?>
<!-- Generated by org.testng.reporters.JUnitReportReporter -->
<testsuite hostname="PC338382" name="com.pearson.tests.TC004_IngestControllerTests" tests="23" failures="0" timestamp="22 Jul 2016 07:53:20 GMT" time="46.952" errors="0">
  <testcase name="get_IngestqueueSize" time="1.308" classname="com.pearson.tests.TC004_IngestControllerTests"/>
  <testcase name="post_Ingest_2_1_sample1" time="3.443" classname="com.pearson.tests.TC004_IngestControllerTests"/>
  <testcase name="post_IngestIsIndexed_2_0_Sample2" time="1.218" classname="com.pearson.tests.TC004_IngestControllerTests"/>
  <testcase name="post_IngestIsIndexed_Sample1" time="1.228" classname="com.pearson.tests.TC004_IngestControllerTests"/>
  <testcase name="post_IngestionController_2_0_sample2" time="3.230" classname="com.pearson.tests.TC004_IngestControllerTests"/>
  <testcase name="post_metadataUpdate_sample1" time="1.340" classname="com.pearson.tests.TC004_IngestControllerTests"/>
  <testcase name="post_IngestIsIndexed_2_0_Sample1" time="1.225" classname="com.pearson.tests.TC004_IngestControllerTests"/>
  <testcase name="post_IngestAnnotation_2_1_sample1" time="3.259" classname="com.pearson.tests.TC004_IngestControllerTests"/>
  <testcase name="post_Ingest_2_1_sample2" time="3.227" classname="com.pearson.tests.TC004_IngestControllerTests"/>
  <testcase name="post_IngestIsIndexed_2_1_Sample2" time="3.228" classname="com.pearson.tests.TC004_IngestControllerTests"/>
  <testcase name="post_IngestAnnotation_2_1_sample2" time="3.214" classname="com.pearson.tests.TC004_IngestControllerTests"/>
  <testcase name="post_IngestIsIndexed_2_1_Sample1" time="1.218" classname="com.pearson.tests.TC004_IngestControllerTests"/>
  <testcase name="post_IngestAnnotation_sample2" time="1.238" classname="com.pearson.tests.TC004_IngestControllerTests"/>
  <testcase name="post_metadataUpdate_2_1_sample1" time="1.234" classname="com.pearson.tests.TC004_IngestControllerTests"/>
  <testcase name="post_metadataUpdate_2_1_sample2" time="1.225" classname="com.pearson.tests.TC004_IngestControllerTests"/>
  <testcase name="post_IngestionController_sample1" time="3.238" classname="com.pearson.tests.TC004_IngestControllerTests"/>
  <testcase name="get_IngestIsIndexed_Sample2" time="1.513" classname="com.pearson.tests.TC004_IngestControllerTests"/>
  <testcase name="post_IngestAnnotation_sample1" time="1.212" classname="com.pearson.tests.TC004_IngestControllerTests"/>
  <testcase name="post_IngestIsIndexed_Sample2" time="1.212" classname="com.pearson.tests.TC004_IngestControllerTests"/>
  <testcase name="get_IngestReset" time="1.267" classname="com.pearson.tests.TC004_IngestControllerTests"/>
  <testcase name="post_IngestionController_sample2" time="3.226" classname="com.pearson.tests.TC004_IngestControllerTests"/>
  <testcase name="post_metadataUpdate_sample2" time="1.224" classname="com.pearson.tests.TC004_IngestControllerTests"/>
  <testcase name="post_IngestionController_2_0_sample1" time="3.225" classname="com.pearson.tests.TC004_IngestControllerTests"/>
</testsuite> <!-- com.pearson.tests.TC004_IngestControllerTests -->
