<?xml version="1.0" encoding="UTF-8"?>
<!-- Generated by org.testng.reporters.JUnitReportReporter -->
<testsuite hostname="PC335498" name="com.pearson.tests.CSG477GlosNoVersionSearchGloss" tests="3" failures="0" timestamp="27 Dec 2016 08:11:26 GMT" time="4.296" errors="0">
  <testcase name="Get_Glossary_Content_ValidIndexId_And_validGlossaryKey_02" time="1.429" classname="com.pearson.tests.CSG477GlosNoVersionSearchGloss"/>
  <testcase name="Get_Glossary_Content_ValidIndexId_01" time="1.434" classname="com.pearson.tests.CSG477GlosNoVersionSearchGloss"/>
  <testcase name="Get_Glossary_Content_ValidIndexId_And_InvalidGlossaryKey_04" time="1.433" classname="com.pearson.tests.CSG477GlosNoVersionSearchGloss"/>
</testsuite> <!-- com.pearson.tests.CSG477GlosNoVersionSearchGloss -->
