<?xml version="1.0" encoding="UTF-8"?>
<!-- Generated by org.testng.reporters.JUnitReportReporter -->
<testsuite hostname="PC335498" name="com.pearson.tests.FirstDay" tests="1" failures="0" timestamp="9 Nov 2016 09:37:55 GMT" time="2.529" errors="0">
  <testcase name="firstTest" time="2.529" classname="com.pearson.tests.FirstDay"/>
</testsuite> <!-- com.pearson.tests.FirstDay -->
