<?xml version="1.0" encoding="UTF-8"?>
<!-- Generated by org.testng.reporters.JUnitReportReporter -->
<testsuite hostname="PC335498" name="com.pearson.tests.Create_Application_Profile" tests="6" failures="0" timestamp="8 Aug 2016 06:58:25 GMT" time="12.110" errors="0">
  <testcase name="Verify_indexName_In_Response_25" time="1.534" classname="com.pearson.tests.Create_Application_Profile"/>
  <testcase name="ValidRequest_01" time="4.519" classname="com.pearson.tests.Create_Application_Profile"/>
  <testcase name="Verify_idortype_In_Response_23" time="1.527" classname="com.pearson.tests.Create_Application_Profile"/>
  <testcase name="ValidRequest_02" time="1.490" classname="com.pearson.tests.Create_Application_Profile"/>
  <testcase name="Verify_idxNameGuest_In_Response_26" time="1.517" classname="com.pearson.tests.Create_Application_Profile"/>
  <testcase name="Verify_urlorcredentials_In_Response_24" time="1.523" classname="com.pearson.tests.Create_Application_Profile"/>
</testsuite> <!-- com.pearson.tests.Create_Application_Profile -->
