<?xml version="1.0" encoding="UTF-8"?>
<!-- Generated by org.testng.reporters.JUnitReportReporter -->
<testsuite hostname="PC335498" name="com.pearson.tests.Boosting" tests="5" failures="0" timestamp="27 Dec 2016 08:11:26 GMT" time="238.205" errors="0">
  <testcase name="LogicalOperations_with_MultiLevel_Boosting_01" time="57.977" classname="com.pearson.tests.Boosting"/>
  <testcase name="LogicalOperations_with_MultiLevel_Boosting_02" time="3.086" classname="com.pearson.tests.Boosting"/>
  <testcase name="LogicalOperations_with_MultiLevel_Boosting_01" time="60.567" classname="com.pearson.tests.Boosting"/>
  <testcase name="LogicalOperations_with_MultiLevel_Boosting_01" time="55.628" classname="com.pearson.tests.Boosting"/>
  <testcase name="LogicalOperations_with_MultiLevel_Boosting_01" time="60.947" classname="com.pearson.tests.Boosting"/>
</testsuite> <!-- com.pearson.tests.Boosting -->
