<?xml version="1.0" encoding="UTF-8"?>
<!-- Generated by org.testng.reporters.JUnitReportReporter -->
<testsuite hostname="PC335498" name="com.pearson.tests.CSG477Glossary2_1SearchGlossary" tests="4" failures="0" timestamp="9 Aug 2016 08:49:46 GMT" time="25.673" errors="0">
  <testcase name="Get_Traditional_Glossary_Content_ValidIndexId_07" time="6.804" classname="com.pearson.tests.CSG477Glossary2_1SearchGlossary"/>
  <testcase name="Get_multilingual_2_1_Glossary_Content_ValidIndexId_01" time="6.295" classname="com.pearson.tests.CSG477Glossary2_1SearchGlossary"/>
  <testcase name="Get_multilingual_Glossary_Content_ValidIndexId_And_validGlossaryKey_02" time="6.294" classname="com.pearson.tests.CSG477Glossary2_1SearchGlossary"/>
  <testcase name="Get_multilingual_2_1_Glossary_Valid_Lang_05" time="6.280" classname="com.pearson.tests.CSG477Glossary2_1SearchGlossary"/>
</testsuite> <!-- com.pearson.tests.CSG477Glossary2_1SearchGlossary -->
