<?xml version="1.0" encoding="UTF-8"?>
<!-- Generated by org.testng.reporters.JUnitReportReporter -->
<testsuite hostname="PC335498" name="com.pearson.tests.DataIntegrityTest" tests="12" failures="0" timestamp="27 Dec 2016 08:11:26 GMT" time="802.503" errors="0">
  <testcase name="dataIntegrityCheck_V2Search_UsingJSONPath" time="332.818" classname="com.pearson.tests.DataIntegrityTest"/>
  <testcase name="dataIntegrityCheck_V2Search" time="84.866" classname="com.pearson.tests.DataIntegrityTest"/>
  <testcase name="dataIntegrityCheck_V2Search" time="40.548" classname="com.pearson.tests.DataIntegrityTest"/>
  <testcase name="dataIntegrityCheck_V2Search" time="36.256" classname="com.pearson.tests.DataIntegrityTest"/>
  <testcase name="dataIntegrityCheck_V2Search" time="38.349" classname="com.pearson.tests.DataIntegrityTest"/>
  <testcase name="dataIntegrityCheck_V2Search" time="42.696" classname="com.pearson.tests.DataIntegrityTest"/>
  <testcase name="dataIntegrityCheck_V2Search" time="52.950" classname="com.pearson.tests.DataIntegrityTest"/>
  <testcase name="dataIntegrityCheck_V2Search" time="35.967" classname="com.pearson.tests.DataIntegrityTest"/>
  <testcase name="dataIntegrityCheck_V2Search" time="42.748" classname="com.pearson.tests.DataIntegrityTest"/>
  <testcase name="dataIntegrityCheck_V2Search" time="42.237" classname="com.pearson.tests.DataIntegrityTest"/>
  <testcase name="Collection_Staging" time="2.882" classname="com.pearson.tests.DataIntegrityTest"/>
  <testcase name="dataIntegrityCheck_V2Search" time="50.186" classname="com.pearson.tests.DataIntegrityTest"/>
</testsuite> <!-- com.pearson.tests.DataIntegrityTest -->
